Starting Dynare (version 6.4).
Calling Dynare with arguments: noclearall
Preprocessing time: 0h00m00s.

STEADY-STATE RESULTS:

c               		 0.807302
invest          		 0.203245
k               		 5.15734
w               		 1.48437
l               		 0.456131
r               		 0.0656313
y               		 1.01055
muc             		 1.4106
g               		 0
e               		 0.404219
s               		 11.7223
xi              		 0.4

--------------------------------------------------------
MODEL SIMULATION:

Iter: 1,	 err. = 1.16573e-15,	 time = 1.0097

Total time of simulation: 1.01308.
--------------------------------------------------------


Perfect foresight solution found.

Total computing time : 0h00m01s
Note: warning(s) encountered in MATLAB/Octave code
