Starting Dynare (version 6.4).
Calling Dynare with arguments: noclearall
Preprocessing time: 0h00m00s.

STEADY-STATE RESULTS:

c               		 0.807302
invest          		 0.203245
k               		 5.15734
w               		 1.48437
l               		 0.456131
r               		 0.0656313
y               		 1.01055
muc             		 1.4106
g               		 0
e               		 0.404219
s               		 11.7223
xi              		 0.4

--------------------------------------------------------
MODEL SIMULATION:

Iter: 1,	 err. = 0.636158,	 time = 0.808037
Iter: 2,	 err. = 1.5231,	 time = 0.723549
Iter: 3,	 err. = 0.0980302,	 time = 0.586678
Iter: 4,	 err. = 0.0851232,	 time = 0.591927
Iter: 5,	 err. = 0.00257564,	 time = 0.586922
Iter: 6,	 err. = 7.79661e-06,	 time = 0.607986

Total time of simulation: 3.96061.
--------------------------------------------------------


Perfect foresight solution found.

Total computing time : 0h00m04s
Note: warning(s) encountered in MATLAB/Octave code
