Starting Dynare (version 6.4).
Calling Dynare with arguments: noclearall
Preprocessing time: 0h00m00s.

STEADY-STATE RESULTS:

c               		 0.807302
invest          		 0.203245
k               		 5.15734
w               		 1.48437
l               		 0.456131
r               		 0.0656313
y               		 1.01055
muc             		 1.4106
g               		 0
e               		 0.404219
s               		 11.7223
xi              		 0.4

--------------------------------------------------------
MODEL SIMULATION:

Iter: 1,	 err. = 0.5,	 time = 0.660889
Iter: 2,	 err. = 0.456952,	 time = 0.440735
Iter: 3,	 err. = 0.186275,	 time = 0.445312
Iter: 4,	 err. = 0.0281366,	 time = 0.499382
Iter: 5,	 err. = 0.000540938,	 time = 0.465843
Iter: 6,	 err. = 8.46953e-07,	 time = 0.449272

Total time of simulation: 3.00308.
--------------------------------------------------------


Perfect foresight solution found.

Total computing time : 0h00m03s
Note: warning(s) encountered in MATLAB/Octave code
