Starting Dynare (version 6.4).
Calling Dynare with arguments: noclearall
Preprocessing time: 0h00m00s.

STEADY-STATE RESULTS:

c               		 0.807302
invest          		 0.203245
k               		 5.15734
w               		 1.48437
l               		 0.456131
r               		 0.0656313
y               		 1.01055
muc             		 1.4106
g               		 0
e               		 0.404219
s               		 11.7223
xi              		 0.4

--------------------------------------------------------
MODEL SIMULATION:

Iter: 1,	 err. = 0.742185,	 time = 0.621613
Iter: 2,	 err. = 0.585901,	 time = 0.597603
Iter: 3,	 err. = 0.018686,	 time = 0.560646
Iter: 4,	 err. = 4.72693e-05,	 time = 0.580872
Iter: 5,	 err. = 2.64031e-09,	 time = 0.567673

Total time of simulation: 2.9604.
--------------------------------------------------------


Perfect foresight solution found.

Total computing time : 0h00m03s
Note: warning(s) encountered in MATLAB/Octave code
